[2025-12-14T15:05:54.507Z] [INFO] [print all links] --- Test Started ---
[2025-12-14T15:05:54.508Z] [INFO] [print all links] Navigating to login page...
[2025-12-14T15:05:55.176Z] [INFO] [print all links] Filling in username: "standard_user"
[2025-12-14T15:05:55.284Z] [INFO] [print all links] Filling in password
[2025-12-14T15:05:55.330Z] [INFO] [print all links] Clicking login button
[2025-12-14T15:05:55.823Z] [INFO] [print all links] All Links: #,https://saucelabs.com/,#,#,,#,#,#,#,#,#,#,#,#,#,#,#,https://twitter.com/saucelabs,https://www.facebook.com/saucelabs,https://www.linkedin.com/company/sauce-labs/
[2025-12-14T15:05:55.827Z] [INFO] [print all links] ‚úÖ Test passed successfully.
[2025-12-14T15:05:55.827Z] [INFO] [print all links] --- Test Ended ---
[2025-12-14T15:05:56.168Z] [INFO] [print all broken links] --- Test Started ---
[2025-12-14T15:05:56.168Z] [INFO] [print all broken links] Navigating to login page...
[2025-12-14T15:05:56.891Z] [INFO] [print all broken links] Filling in username: "standard_user"
[2025-12-14T15:05:56.956Z] [INFO] [print all broken links] Filling in password
[2025-12-14T15:05:56.977Z] [INFO] [print all broken links] Clicking login button
[2025-12-14T15:06:26.801Z] [ERROR] [print all broken links] ‚ùå Test failed: print all broken links
[2025-12-14T15:06:26.802Z] [ERROR] [print all broken links] Error: [31mTest timeout of 30000ms exceeded.[39m
[2025-12-14T15:06:26.802Z] [ERROR] [print all broken links] Stack trace:
[31mTest timeout of 30000ms exceeded.[39m
[2025-12-14T15:06:26.803Z] [INFO] [print all broken links] --- Test Ended ---
[2025-12-14T15:06:27.351Z] [INFO] [print all broken links] All Broken Links: #,https://saucelabs.com/,#,#,,#,#,#,#,#,#,#,#,#,#,#,#,https://twitter.com/saucelabs,https://www.facebook.com/saucelabs,https://www.linkedin.com/company/sauce-labs/
