[2025-12-14T14:45:35.558Z] [INFO] [print all links] --- Test Started ---
[2025-12-14T14:45:35.559Z] [INFO] [print all links] Navigating to login page...
[2025-12-14T14:45:37.362Z] [INFO] [print all links] Filling in username: "standard_user"
[2025-12-14T14:45:37.494Z] [INFO] [print all links] Filling in password
[2025-12-14T14:45:37.576Z] [INFO] [print all links] Clicking login button
[2025-12-14T14:45:38.195Z] [INFO] [print all links] All Links: #,https://saucelabs.com/,#,#,,#,#,#,#,#,#,#,#,#,#,#,#,https://twitter.com/saucelabs,https://www.facebook.com/saucelabs,https://www.linkedin.com/company/sauce-labs/
[2025-12-14T14:45:38.225Z] [INFO] [print all links] ‚úÖ Test passed successfully.
[2025-12-14T14:45:38.226Z] [INFO] [print all links] --- Test Ended ---
[2025-12-14T14:45:39.203Z] [INFO] [print all broken links] --- Test Started ---
[2025-12-14T14:45:39.204Z] [INFO] [print all broken links] Navigating to login page...
[2025-12-14T14:45:41.096Z] [INFO] [print all broken links] Filling in username: "standard_user"
[2025-12-14T14:45:41.175Z] [INFO] [print all broken links] Filling in password
[2025-12-14T14:45:41.249Z] [INFO] [print all broken links] Clicking login button
[2025-12-14T14:46:09.059Z] [ERROR] [print all broken links] ‚ùå Test failed: print all broken links
[2025-12-14T14:46:09.059Z] [ERROR] [print all broken links] Error: [31mTest timeout of 30000ms exceeded.[39m
[2025-12-14T14:46:09.060Z] [ERROR] [print all broken links] Stack trace:
[31mTest timeout of 30000ms exceeded.[39m
[2025-12-14T14:46:09.060Z] [INFO] [print all broken links] --- Test Ended ---
[2025-12-14T14:46:09.762Z] [INFO] [print all broken links] All Broken Links: #,https://saucelabs.com/,#,#,,#,#,#,#,#,#,#,#,#,#,#,#,https://twitter.com/saucelabs,https://www.facebook.com/saucelabs,https://www.linkedin.com/company/sauce-labs/
